Arguments: 
  C:\Program Files\nodejs\node.exe C:\Users\Bikram\AppData\Roaming\npm\node_modules\yarn\bin\yarn.js add express mongoose bcryptjs body-parser jsonwebtoken cookie-parser dotenv

PATH: 
  C:\WINDOWS\system32;C:\WINDOWS;C:\WINDOWS\System32\Wbem;C:\WINDOWS\System32\WindowsPowerShell\v1.0\;C:\WINDOWS\System32\OpenSSH\;C:\Program Files\Git\cmd;C:\Program Files\nodejs\;C:\Program Files\NVIDIA Corporation\NVIDIA NvDLISR;C:\Program Files (x86)\NVIDIA Corporation\PhysX\Common;C:\Users\Bikram\anaconda3;C:\Users\Bikram\anaconda3\Library\mingw-w64\bin;C:\Users\Bikram\anaconda3\Library\usr\bin;C:\Users\Bikram\anaconda3\Library\bin;C:\Users\Bikram\anaconda3\Scripts;C:\Users\Bikram\AppData\Local\Microsoft\WindowsApps;C:\Users\Bikram\AppData\Local\Programs\Microsoft VS Code\bin;C:\Users\Bikram\AppData\Local\GitHubDesktop\bin;C:\Users\Bikram\AppData\Roaming\npm

Yarn version: 
  1.22.19

Node version: 
  18.16.0

Platform: 
  win32 x64

Trace: 
  Error: getaddrinfo ENOTFOUND registry.yarnpkg.com
      at GetAddrInfoReqWrap.onlookup [as oncomplete] (node:dns:107:26)

npm manifest: 
  {
    "name": "server",
    "version": "1.0.0",
    "description": "",
    "main": "index.js",
    "scripts": {
      "test": "echo \"Error: no test specified\" && exit 1"
    },
    "keywords": [],
    "author": "",
    "license": "ISC"
  }

yarn manifest: 
  No manifest

Lockfile: 
  No lockfile
